‚úÖ PASSED: TestAccuracyRobustness
‚úÖ PASSED: TestAllocationEmptyPersistence
‚úÖ PASSED: TestAllocationScenarioLoadNoOverwrite
‚úÖ PASSED: TestAllocationScopingAcrossRelocation
‚úÖ PASSED: TestAllocationSerializePreservesZero
‚úÖ PASSED: TestAttributionPopulator
‚úÖ PASSED: TestBasicTaxCalculation
‚úÖ PASSED: TestBoundaryConditions
‚úÖ PASSED: TestCGTAnnualExemptionSharesOnly
‚úÖ PASSED: TestChartValues
‚úÖ PASSED: TestConfigVersioning
‚úÖ PASSED: TestContributionCurrencyMode
‚úÖ PASSED: TestContributionCurrencyModeARAsset
‚úÖ PASSED: TestContributionCurrencyModeARMixed
‚úÖ PASSED: TestContributionCurrencyModeARResidence
‚úÖ PASSED: TestCoreMixGlide
‚úÖ PASSED: TestCorePresentValueLayer
‚úÖ PASSED: TestCrossBorderTaxation
‚úÖ PASSED: TestCSVMultiCurrencyRoundTrip
‚úÖ PASSED: TestCurrencyConversionModes
Error: Cannot find module '../src/core/Equities.js'
Require stack:
- /Users/jhandl/FinSim/tests/TestDataAggregatesCalculator.js
- /Users/jhandl/FinSim/src/core/[eval]
    at Module._resolveFilename (node:internal/modules/cjs/loader:1405:15)
    at defaultResolveImpl (node:internal/modules/cjs/loader:1061:19)
    at resolveForCJSWithHooks (node:internal/modules/cjs/loader:1066:22)
    at Module._load (node:internal/modules/cjs/loader:1215:37)
    at TracingChannel.traceSync (node:diagnostics_channel:322:14)
    at wrapModuleLoad (node:internal/modules/cjs/loader:235:24)
    at Module.require (node:internal/modules/cjs/loader:1491:12)
    at require (node:internal/modules/helpers:135:16)
    at Object.<anonymous> (/Users/jhandl/FinSim/tests/TestDataAggregatesCalculator.js:6:22)
    at Module._compile (node:internal/modules/cjs/loader:1734:14)
‚ùå FAILED: TestDataAggregatesCalculator
‚úÖ PASSED: TestDebugRetirement
‚úÖ PASSED: TestDeflationFactorHelper
‚úÖ PASSED: TestDeflationUtils
‚úÖ PASSED: TestDualStatePensions
‚úÖ PASSED: TestDynamicInvestmentIncomeSections
‚úÖ PASSED: TestEconomicData
‚úÖ PASSED: TestEconomicParameterSensitivity
‚úÖ PASSED: TestEconomyGrowthPersistence
‚úÖ PASSED: TestEmergencyFundUsage
‚úÖ PASSED: TestEquitySellMixedCurrency
‚úÖ PASSED: TestEventWizardVariableReplacement
‚úÖ PASSED: TestExitTaxIgnoresAnnualExemptionFundsOnly
‚úÖ PASSED: TestFXConversions
‚úÖ PASSED: TestGenericTaxCredits
‚úÖ PASSED: TestGlobalAssetWithholding
‚úÖ PASSED: TestHelpLinks
‚úÖ PASSED: TestHybridRebalanceTax
‚úÖ PASSED: TestInvestmentAllocationStrategy
‚úÖ PASSED: TestInvestmentInheritance
EconomicData.convert: FX direction inverted for IE->US at year 2036: base=1.18, evolved=0.9813506624196539
‚úÖ PASSED: TestInvestmentRefactorBaseline
‚úÖ PASSED: TestInvestmentSerialization
‚úÖ PASSED: TestInvestmentTogglePersistence
Error: ENOENT: no such file or directory, open '/Users/jhandl/FinSim/src/core/Equities.js'
    at Object.readFileSync (node:fs:433:20)
    at loadIntoGlobal (/Users/jhandl/FinSim/tests/TestInvestmentTypeFactory.js:12:26)
    at Object.runCustomTest (/Users/jhandl/FinSim/tests/TestInvestmentTypeFactory.js:18:5)
    at [eval]:19:28
    at runScriptInThisContext (node:internal/vm:218:10)
    at node:internal/process/execution:456:12
    at [eval]-wrapper:6:24
    at runScriptInContext (node:internal/process/execution:454:60)
    at evalFunction (node:internal/process/execution:286:30)
    at evalTypeScript (node:internal/process/execution:298:3)
‚ùå FAILED: TestInvestmentTypeFactory
‚úÖ PASSED: TestIrishTaxSystem
‚úÖ PASSED: TestLedgerFxModeEnforcement
‚úÖ PASSED: TestLegacyAllocationFallback
‚úÖ PASSED: TestLegacyScenarioDeserialization
‚úÖ PASSED: TestLifeScenarios
‚úÖ PASSED: TestLocalInvestmentHoldingsDetection
Error: ENOENT: no such file or directory, open '/Users/jhandl/FinSim/src/core/Equities.js'
    at Object.readFileSync (node:fs:433:20)
    at loadIntoGlobal (/Users/jhandl/FinSim/tests/TestLocalVsNonLocalWrappers.js:12:26)
    at Object.runCustomTest (/Users/jhandl/FinSim/tests/TestLocalVsNonLocalWrappers.js:21:5)
    at [eval]:19:28
    at runScriptInThisContext (node:internal/vm:218:10)
    at node:internal/process/execution:456:12
    at [eval]-wrapper:6:24
    at runScriptInContext (node:internal/process/execution:454:60)
    at evalFunction (node:internal/process/execution:286:30)
    at evalTypeScript (node:internal/process/execution:298:3)
‚ùå FAILED: TestLocalVsNonLocalWrappers
‚úÖ PASSED: TestLossOffsetSharesOnly
‚úÖ PASSED: TestMarketCrashImpact
‚úÖ PASSED: TestMixConfigPersistence
‚úÖ PASSED: TestMixedPortfolioExitVsCGT
‚úÖ PASSED: TestMoneyCurrencyMixing
‚úÖ PASSED: TestMoneyEquityIntegration
‚úÖ PASSED: TestMoneyMCPerformance
  Error: addYear() perf test threw: Equity is not defined
‚ùå FAILED: TestMoneyPerformance
‚úÖ PASSED: TestMoneyPersonIntegration
‚úÖ PASSED: TestMoneyUnitOps
‚úÖ PASSED: TestMonteCarloHighVolatility
‚úÖ PASSED: TestMonteCarloHighVolatilityStress
‚úÖ PASSED: TestMonteCarloMultiAsset
‚úÖ PASSED: TestMonteCarloValidation
‚úÖ PASSED: TestMortgageAmortization
‚úÖ PASSED: TestMortgageEventValidation
‚úÖ PASSED: TestMultiCountryInvestmentCapitalKeys
‚úÖ PASSED: TestMultiCountryStatePensions
‚úÖ PASSED: TestMultiCurrencyCashFlows
‚úÖ PASSED: TestMultiCurrencySimulation
‚úÖ PASSED: TestMultipleIncomeStreams
‚úÖ PASSED: TestMultiPotPensionAggregation
‚úÖ PASSED: TestMultiPotPensionLumpSumEligibility
‚úÖ PASSED: TestOneOffExpenseClassification
‚úÖ PASSED: TestPensionContributionValidation
‚úÖ PASSED: TestPensionInvestmentAsset
‚úÖ PASSED: TestPensionMatchContribution
‚úÖ PASSED: TestPensionMixRebalance
‚úÖ PASSED: TestPensionPVRelocation
‚úÖ PASSED: TestPensionSystemConflicts
‚úÖ PASSED: TestPensionVolatilityPerCountry
‚úÖ PASSED: TestPerCountryInputValidation
‚úÖ PASSED: TestPerCountryPensionContribs
‚úÖ PASSED: TestPinchPointVisualization
‚úÖ PASSED: TestPropertyCurrencyPersistence
‚úÖ PASSED: TestPropertyPurchaseAttribution
‚úÖ PASSED: TestPropertyPurchaseFix
‚úÖ PASSED: TestPropertySalePurchaseAttribution
‚úÖ PASSED: TestPVFXIncomeOverlap
‚úÖ PASSED: TestPVMultiCountryDeflation
‚úÖ PASSED: TestRealEstateAssetCountryGrowth
‚úÖ PASSED: TestRealEstatePVRelocation
‚úÖ PASSED: TestRealEstateTransaction
‚úÖ PASSED: TestRegression
‚úÖ PASSED: TestRegressionSinglePerson
‚úÖ PASSED: TestRegressionStressTest
‚úÖ PASSED: TestRegressionTwoPerson
‚úÖ PASSED: TestRegressionTwoPersonDifferentIncome
‚úÖ PASSED: TestRegressionTwoPersonMarried
‚úÖ PASSED: TestRelocationCurrency
‚úÖ PASSED: TestRelocationImpactDetection
‚úÖ PASSED: TestRelocationOverlapSalaryIncome
‚úÖ PASSED: TestRelocationResidencyDerivation
‚úÖ PASSED: TestRetirementPhaseTransition
‚úÖ PASSED: TestScenarioVersioning
‚úÖ PASSED: TestSeparatePensionPots
‚úÖ PASSED: TestStatePensionIntegration
‚úÖ PASSED: TestStrictErrorHandling
‚úÖ PASSED: TestTaxmanMoneyDeclares
‚úÖ PASSED: TestTaxRuleSet
‚úÖ PASSED: TestTaxRuleSetBaseRef
‚úÖ PASSED: TestTwoPersonTaxCalculation
‚úÖ PASSED: TestUnionCatalogInitialCapital
‚úÖ PASSED: TestValidation
‚úÖ PASSED: TestValidationUtilsCurrency
‚úÖ PASSED: TestWizardContentRenderer

 Results: [0;32m113 passed[0m, [0;31m4 failed[0m

[0;31mFailed tests:[0m
  [0;31m‚ùå TestDataAggregatesCalculator[0m
  [0;31m‚ùå TestInvestmentTypeFactory[0m
  [0;31m‚ùå TestLocalVsNonLocalWrappers[0m
  [0;31m‚ùå TestMoneyPerformance[0m

