{"numFailedTestSuites":0,"numFailedTests":0,"numPassedTestSuites":2,"numPassedTests":42,"numPendingTestSuites":0,"numPendingTests":0,"numRuntimeErrorTestSuites":0,"numTodoTests":0,"numTotalTestSuites":2,"numTotalTests":42,"openHandles":[],"snapshot":{"added":0,"didUpdate":false,"failure":false,"filesAdded":0,"filesRemoved":0,"filesRemovedList":[],"filesUnmatched":0,"filesUpdated":0,"matched":0,"total":0,"unchecked":0,"uncheckedKeysByFile":[],"unmatched":0,"updated":0},"startTime":1753734161461,"success":true,"testResults":[{"assertionResults":[{"ancestorTitles":["Wizard Component","Initial Setup"],"duration":6,"failureDetails":[],"failureMessages":[],"fullName":"Wizard Component Initial Setup should create wizard instance","invocations":1,"location":null,"numPassingAsserts":2,"retryReasons":[],"status":"passed","title":"should create wizard instance"},{"ancestorTitles":["Wizard Component","Initial Setup"],"duration":2,"failureDetails":[],"failureMessages":[],"fullName":"Wizard Component Initial Setup should have required methods","invocations":1,"location":null,"numPassingAsserts":4,"retryReasons":[],"status":"passed","title":"should have required methods"},{"ancestorTitles":["Wizard Component","Step Filtering"],"duration":1,"failureDetails":[],"failureMessages":[],"fullName":"Wizard Component Step Filtering _getFilteredSteps should filter by tour type","invocations":1,"location":null,"numPassingAsserts":3,"retryReasons":[],"status":"passed","title":"_getFilteredSteps should filter by tour type"},{"ancestorTitles":["Wizard Component","Step Filtering"],"duration":1,"failureDetails":[],"failureMessages":[],"fullName":"Wizard Component Step Filtering _getFilteredSteps should handle mini tours with card parameter","invocations":1,"location":null,"numPassingAsserts":3,"retryReasons":[],"status":"passed","title":"_getFilteredSteps should handle mini tours with card parameter"},{"ancestorTitles":["Wizard Component","Step Filtering - Advanced"],"duration":1,"failureDetails":[],"failureMessages":[],"fullName":"Wizard Component Step Filtering - Advanced filterValidSteps should handle empty steps","invocations":1,"location":null,"numPassingAsserts":1,"retryReasons":[],"status":"passed","title":"filterValidSteps should handle empty steps"},{"ancestorTitles":["Wizard Component","Step Filtering - Advanced"],"duration":1,"failureDetails":[],"failureMessages":[],"fullName":"Wizard Component Step Filtering - Advanced filterValidSteps should deep copy steps to prevent mutation","invocations":1,"location":null,"numPassingAsserts":1,"retryReasons":[],"status":"passed","title":"filterValidSteps should deep copy steps to prevent mutation"},{"ancestorTitles":["Wizard Component","Step Filtering - Advanced"],"duration":1,"failureDetails":[],"failureMessages":[],"fullName":"Wizard Component Step Filtering - Advanced _getFilteredSteps should handle missing configuration","invocations":1,"location":null,"numPassingAsserts":1,"retryReasons":[],"status":"passed","title":"_getFilteredSteps should handle missing configuration"},{"ancestorTitles":["Wizard Component","Step Filtering - Advanced"],"duration":1,"failureDetails":[],"failureMessages":[],"fullName":"Wizard Component Step Filtering - Advanced _getFilteredSteps should filter by eventModes","invocations":1,"location":null,"numPassingAsserts":2,"retryReasons":[],"status":"passed","title":"_getFilteredSteps should filter by eventModes"},{"ancestorTitles":["Wizard Component","Tour Execution"],"duration":0,"failureDetails":[],"failureMessages":[],"fullName":"Wizard Component Tour Execution start method should set currentTourId to help","invocations":1,"location":null,"numPassingAsserts":1,"retryReasons":[],"status":"passed","title":"start method should set currentTourId to help"},{"ancestorTitles":["Wizard Component","Tour Execution"],"duration":0,"failureDetails":[],"failureMessages":[],"fullName":"Wizard Component Tour Execution start method should set currentTourId correctly for different tour types","invocations":1,"location":null,"numPassingAsserts":2,"retryReasons":[],"status":"passed","title":"start method should set currentTourId correctly for different tour types"},{"ancestorTitles":["Wizard Component","Tour Execution"],"duration":1,"failureDetails":[],"failureMessages":[],"fullName":"Wizard Component Tour Execution _runTour should set validSteps","invocations":1,"location":null,"numPassingAsserts":1,"retryReasons":[],"status":"passed","title":"_runTour should set validSteps"},{"ancestorTitles":["Wizard Component","Tour Execution"],"duration":0,"failureDetails":[],"failureMessages":[],"fullName":"Wizard Component Tour Execution finishTour should set wizardActive to false","invocations":1,"location":null,"numPassingAsserts":1,"retryReasons":[],"status":"passed","title":"finishTour should set wizardActive to false"},{"ancestorTitles":["Wizard Component","Mobile Detection"],"duration":4,"failureDetails":[],"failureMessages":[],"fullName":"Wizard Component Mobile Detection detectMobile should return false for desktop user agent","invocations":1,"location":null,"numPassingAsserts":1,"retryReasons":[],"status":"passed","title":"detectMobile should return false for desktop user agent"},{"ancestorTitles":["Wizard Component","Mobile Detection"],"duration":0,"failureDetails":[],"failureMessages":[],"fullName":"Wizard Component Mobile Detection detectMobile should return true for mobile user agent","invocations":1,"location":null,"numPassingAsserts":1,"retryReasons":[],"status":"passed","title":"detectMobile should return true for mobile user agent"},{"ancestorTitles":["Wizard Component","Mobile Detection"],"duration":0,"failureDetails":[],"failureMessages":[],"fullName":"Wizard Component Mobile Detection detectMobile should return true for touch device with small screen","invocations":1,"location":null,"numPassingAsserts":1,"retryReasons":[],"status":"passed","title":"detectMobile should return true for touch device with small screen"},{"ancestorTitles":["Wizard Component","Events Mode Detection"],"duration":1,"failureDetails":[],"failureMessages":[],"fullName":"Wizard Component Events Mode Detection getCurrentEventsMode should return table by default","invocations":1,"location":null,"numPassingAsserts":1,"retryReasons":[],"status":"passed","title":"getCurrentEventsMode should return table by default"},{"ancestorTitles":["Wizard Component","Events Mode Detection"],"duration":0,"failureDetails":[],"failureMessages":[],"fullName":"Wizard Component Events Mode Detection getCurrentEventsMode should return accordion when set","invocations":1,"location":null,"numPassingAsserts":1,"retryReasons":[],"status":"passed","title":"getCurrentEventsMode should return accordion when set"},{"ancestorTitles":["Wizard Component","Events Mode Detection"],"duration":1,"failureDetails":[],"failureMessages":[],"fullName":"Wizard Component Events Mode Detection getCurrentEventsMode should handle missing WebUI gracefully","invocations":1,"location":null,"numPassingAsserts":1,"retryReasons":[],"status":"passed","title":"getCurrentEventsMode should handle missing WebUI gracefully"},{"ancestorTitles":["Wizard Component","Integration Tests - Backward Compatibility"],"duration":0,"failureDetails":[],"failureMessages":[],"fullName":"Wizard Component Integration Tests - Backward Compatibility start() method should behave like original help tour","invocations":1,"location":null,"numPassingAsserts":1,"retryReasons":[],"status":"passed","title":"start() method should behave like original help tour"},{"ancestorTitles":["Wizard Component","Integration Tests - Backward Compatibility"],"duration":1,"failureDetails":[],"failureMessages":[],"fullName":"Wizard Component Integration Tests - Backward Compatibility start({ type: \"quick\" }) should behave like original quick tour","invocations":1,"location":null,"numPassingAsserts":3,"retryReasons":[],"status":"passed","title":"start({ type: \"quick\" }) should behave like original quick tour"},{"ancestorTitles":["Wizard Component","Integration Tests - Backward Compatibility"],"duration":0,"failureDetails":[],"failureMessages":[],"fullName":"Wizard Component Integration Tests - Backward Compatibility start({ type: \"mini\", card: \"card-id\" }) should behave like original mini tour","invocations":1,"location":null,"numPassingAsserts":3,"retryReasons":[],"status":"passed","title":"start({ type: \"mini\", card: \"card-id\" }) should behave like original mini tour"},{"ancestorTitles":["Wizard Component","Accordion Behavior Tests"],"duration":1,"failureDetails":[],"failureMessages":[],"fullName":"Wizard Component Accordion Behavior Tests should handle accordion mode selector swapping","invocations":1,"location":null,"numPassingAsserts":2,"retryReasons":[],"status":"passed","title":"should handle accordion mode selector swapping"},{"ancestorTitles":["Wizard Component","Accordion Behavior Tests"],"duration":0,"failureDetails":[],"failureMessages":[],"fullName":"Wizard Component Accordion Behavior Tests should filter steps by eventModes correctly","invocations":1,"location":null,"numPassingAsserts":8,"retryReasons":[],"status":"passed","title":"should filter steps by eventModes correctly"},{"ancestorTitles":["Wizard Component","Error Handling"],"duration":1,"failureDetails":[],"failureMessages":[],"fullName":"Wizard Component Error Handling should handle missing tour configuration gracefully","invocations":1,"location":null,"numPassingAsserts":1,"retryReasons":[],"status":"passed","title":"should handle missing tour configuration gracefully"},{"ancestorTitles":["Wizard Component","Error Handling"],"duration":1,"failureDetails":[],"failureMessages":[],"fullName":"Wizard Component Error Handling should handle mini tour without card parameter","invocations":1,"location":null,"numPassingAsserts":2,"retryReasons":[],"status":"passed","title":"should handle mini tour without card parameter"},{"ancestorTitles":["Wizard Component","Error Handling"],"duration":0,"failureDetails":[],"failureMessages":[],"fullName":"Wizard Component Error Handling should handle empty steps array","invocations":1,"location":null,"numPassingAsserts":1,"retryReasons":[],"status":"passed","title":"should handle empty steps array"},{"ancestorTitles":["Wizard Component","Unified Start Method"],"duration":0,"failureDetails":[],"failureMessages":[],"fullName":"Wizard Component Unified Start Method start should default to help tour type","invocations":1,"location":null,"numPassingAsserts":1,"retryReasons":[],"status":"passed","title":"start should default to help tour type"},{"ancestorTitles":["Wizard Component","Unified Start Method"],"duration":1,"failureDetails":[],"failureMessages":[],"fullName":"Wizard Component Unified Start Method start should handle full tour type","invocations":1,"location":null,"numPassingAsserts":2,"retryReasons":[],"status":"passed","title":"start should handle full tour type"},{"ancestorTitles":["Wizard Component","Unified Start Method"],"duration":0,"failureDetails":[],"failureMessages":[],"fullName":"Wizard Component Unified Start Method start should handle quick tour type","invocations":1,"location":null,"numPassingAsserts":1,"retryReasons":[],"status":"passed","title":"start should handle quick tour type"},{"ancestorTitles":["Wizard Component","Unified Start Method"],"duration":1,"failureDetails":[],"failureMessages":[],"fullName":"Wizard Component Unified Start Method start should handle mini tour type with card","invocations":1,"location":null,"numPassingAsserts":1,"retryReasons":[],"status":"passed","title":"start should handle mini tour type with card"},{"ancestorTitles":["Wizard Component","Unified Start Method"],"duration":0,"failureDetails":[],"failureMessages":[],"fullName":"Wizard Component Unified Start Method start should validate mini tour requires card","invocations":1,"location":null,"numPassingAsserts":1,"retryReasons":[],"status":"passed","title":"start should validate mini tour requires card"},{"ancestorTitles":["Wizard Component","Unified Start Method"],"duration":1,"failureDetails":[],"failureMessages":[],"fullName":"Wizard Component Unified Start Method start should handle help tour with startAtStep","invocations":1,"location":null,"numPassingAsserts":1,"retryReasons":[],"status":"passed","title":"start should handle help tour with startAtStep"},{"ancestorTitles":["Wizard Component","Unified Start Method"],"duration":1,"failureDetails":[],"failureMessages":[],"fullName":"Wizard Component Unified Start Method start should handle empty steps gracefully","invocations":1,"location":null,"numPassingAsserts":1,"retryReasons":[],"status":"passed","title":"start should handle empty steps gracefully"},{"ancestorTitles":["Wizard Component","Unified Method Integration"],"duration":0,"failureDetails":[],"failureMessages":[],"fullName":"Wizard Component Unified Method Integration start should use _runTour for full tours (unified implementation)","invocations":1,"location":null,"numPassingAsserts":1,"retryReasons":[],"status":"passed","title":"start should use _runTour for full tours (unified implementation)"},{"ancestorTitles":["Wizard Component","Unified Method Integration"],"duration":1,"failureDetails":[],"failureMessages":[],"fullName":"Wizard Component Unified Method Integration start should use _runTour for help tours (unified implementation)","invocations":1,"location":null,"numPassingAsserts":1,"retryReasons":[],"status":"passed","title":"start should use _runTour for help tours (unified implementation)"},{"ancestorTitles":["Wizard Component","Unified Method Integration"],"duration":0,"failureDetails":[],"failureMessages":[],"fullName":"Wizard Component Unified Method Integration start should use _runTour for quick tours","invocations":1,"location":null,"numPassingAsserts":1,"retryReasons":[],"status":"passed","title":"start should use _runTour for quick tours"},{"ancestorTitles":["Wizard Component","Unified Method Integration"],"duration":1,"failureDetails":[],"failureMessages":[],"fullName":"Wizard Component Unified Method Integration start should use _runTour for mini tours","invocations":1,"location":null,"numPassingAsserts":1,"retryReasons":[],"status":"passed","title":"start should use _runTour for mini tours"},{"ancestorTitles":["Wizard Component","Unified Method Integration"],"duration":0,"failureDetails":[],"failureMessages":[],"fullName":"Wizard Component Unified Method Integration all tour types now use the same unified _runTour method","invocations":1,"location":null,"numPassingAsserts":1,"retryReasons":[],"status":"passed","title":"all tour types now use the same unified _runTour method"}],"endTime":1753734161928,"message":"","name":"/Users/jhandl/FinSim/tests/Wizard.test.js","startTime":1753734161784,"status":"passed","summary":""},{"assertionResults":[{"ancestorTitles":["Wizard Button for Empty Events"],"duration":8,"failureDetails":[],"failureMessages":[],"fullName":"Wizard Button for Empty Events wizard button is hidden for non-empty events","invocations":1,"location":null,"numPassingAsserts":5,"retryReasons":[],"status":"passed","title":"wizard button is hidden for non-empty events"},{"ancestorTitles":["Wizard Button for Empty Events"],"duration":2,"failureDetails":[],"failureMessages":[],"fullName":"Wizard Button for Empty Events wizard button is shown for empty events","invocations":1,"location":null,"numPassingAsserts":3,"retryReasons":[],"status":"passed","title":"wizard button is shown for empty events"},{"ancestorTitles":["Wizard Button for Empty Events"],"duration":2,"failureDetails":[],"failureMessages":[],"fullName":"Wizard Button for Empty Events wizard button has correct structure and content","invocations":1,"location":null,"numPassingAsserts":8,"retryReasons":[],"status":"passed","title":"wizard button has correct structure and content"},{"ancestorTitles":["Wizard Button for Empty Events"],"duration":2,"failureDetails":[],"failureMessages":[],"fullName":"Wizard Button for Empty Events wizard button is clickable","invocations":1,"location":null,"numPassingAsserts":1,"retryReasons":[],"status":"passed","title":"wizard button is clickable"}],"endTime":1753734161970,"message":"","name":"/Users/jhandl/FinSim/tests/TestWizardButton.test.js","startTime":1753734161937,"status":"passed","summary":""}],"wasInterrupted":false}
